\BOOKMARK [1][-]{section.1}{Introduction}{}% 1
\BOOKMARK [1][-]{section.2}{Datasets}{}% 2
\BOOKMARK [2][-]{subsection.2.1}{Features}{section.2}% 3
\BOOKMARK [2][-]{subsection.2.2}{Preprocessing}{section.2}% 4
\BOOKMARK [3][-]{subsubsection.2.2.1}{Outlier removal}{subsection.2.2}% 5
\BOOKMARK [3][-]{subsubsection.2.2.2}{Demographic data}{subsection.2.2}% 6
\BOOKMARK [3][-]{subsubsection.2.2.3}{Feature enrichment}{subsection.2.2}% 7
\BOOKMARK [3][-]{subsubsection.2.2.4}{Scaling and Transformation}{subsection.2.2}% 8
\BOOKMARK [1][-]{section.3}{Methods}{}% 9
\BOOKMARK [2][-]{subsection.3.1}{Naive Bayes}{section.3}% 10
\BOOKMARK [2][-]{subsection.3.2}{Logistic Regression}{section.3}% 11
\BOOKMARK [2][-]{subsection.3.3}{Random Forest}{section.3}% 12
\BOOKMARK [2][-]{subsection.3.4}{Adaboost }{section.3}% 13
\BOOKMARK [2][-]{subsection.3.5}{Time Series}{section.3}% 14
\BOOKMARK [1][-]{section.4}{Experiments}{}% 15
\BOOKMARK [2][-]{subsection.4.1}{Time Series}{section.4}% 16
\BOOKMARK [3][-]{subsubsection.4.1.1}{Motivations}{subsection.4.1}% 17
\BOOKMARK [3][-]{subsubsection.4.1.2}{Model Selection}{subsection.4.1}% 18
\BOOKMARK [3][-]{subsubsection.4.1.3}{Fitting Model}{subsection.4.1}% 19
\BOOKMARK [1][-]{section.5}{Related Work}{}% 20
\BOOKMARK [1][-]{section.6}{Conclusion}{}% 21
\BOOKMARK [1][-]{section.7}{Ackknowlegement}{}% 22
\BOOKMARK [1][-]{section*.1}{References}{}% 23
